<?xml version="1.0" encoding="UTF-8"?>
<!-- Generated by org.testng.reporters.JUnitXMLReporter -->
<testsuite hostname="fau-eduroam-210-33.wlan.rrze.net" name="Test in FF" tests="1" failures="0" timestamp="12 Nov 2015 16:00:06 GMT" time="52.416" errors="0">
  <testcase name="@BeforeMethod launchBrowser" time="0.0" classname="com.seleniumtests.test.WebDriverTest">
    <failure type="org.openqa.selenium.WebDriverException" message="Failed to connect to binary FirefoxBinary(/Applications/Firefox.app/Contents/MacOS/firefox-bin) on port 7055; process output follows: 
source://gre/modules/addons/GMPProvider.jsm
1447343961868	addons.manager	DEBUG	Loaded provider scope for resource://gre/modules/addons/PluginProvider.jsm
1447343961869	addons.manager	DEBUG	Starting provider: XPIProvider
1447343961869	addons.xpi	DEBUG	startup
1447343961870	addons.xpi	INFO	Mapping fxdriver@googlecode.com to /var/folders/p9/c57spvhn2dj7yf3tjshdlmqh0000gn/T/anonymous2227156600557550998webdriver-profile/extensions/fxdriver@googlecode.com
1447343961871	addons.xpi	DEBUG	Ignoring file entry whose name is not a valid add-on ID: /var/folders/p9/c57spvhn2dj7yf3tjshdlmqh0000gn/T/anonymous2227156600557550998webdriver-profile/extensions/webdriver-staging
1447343961871	addons.xpi	INFO	Mapping {972ce4c6-7e08-4474-a285-3208198ce6fd} to /Applications/Firefox.app/Contents/Resources/browser/extensions/{972ce4c6-7e08-4474-a285-3208198ce6fd}
1447343961872	addons.xpi	DEBUG	Skipping unavailable install location app-system-share
1447343961874	addons.xpi	DEBUG	checkForChanges
1447343961874	addons.xpi	DEBUG	Loaded add-on state from prefs: {&amp;quot;app-profile&amp;quot;:{&amp;quot;fxdriver@googlecode.com&amp;quot;:{&amp;quot;d&amp;quot;:&amp;quot;/var/folders/p9/c57spvhn2dj7yf3tjshdlmqh0000gn/T/anonymous2227156600557550998webdriver-profile/extensions/fxdriver@googlecode.com&amp;quot;,&amp;quot;e&amp;quot;:false,&amp;quot;v&amp;quot;:&amp;quot;2.26.0&amp;quot;,&amp;quot;st&amp;quot;:1447343960000,&amp;quot;mt&amp;quot;:1447343960000}},&amp;quot;app-global&amp;quot;:{&amp;quot;{972ce4c6-7e08-4474-a285-3208198ce6fd}&amp;quot;:{&amp;quot;d&amp;quot;:&amp;quot;/Applications/Firefox.app/Contents/Resources/browser/extensions/{972ce4c6-7e08-4474-a285-3208198ce6fd}&amp;quot;,&amp;quot;e&amp;quot;:true,&amp;quot;v&amp;quot;:&amp;quot;41.0.2&amp;quot;,&amp;quot;st&amp;quot;:1445285015000,&amp;quot;mt&amp;quot;:1445285014000}}}
1447343961876	addons.xpi	DEBUG	getModTime: Recursive scan of {972ce4c6-7e08-4474-a285-3208198ce6fd}
1447343961877	addons.xpi	DEBUG	getInstallState changed: false, state: {&amp;quot;app-profile&amp;quot;:{&amp;quot;fxdriver@googlecode.com&amp;quot;:{&amp;quot;d&amp;quot;:&amp;quot;/var/folders/p9/c57spvhn2dj7yf3tjshdlmqh0000gn/T/anonymous2227156600557550998webdriver-profile/extensions/fxdriver@googlecode.com&amp;quot;,&amp;quot;e&amp;quot;:false,&amp;quot;v&amp;quot;:&amp;quot;2.26.0&amp;quot;,&amp;quot;st&amp;quot;:1447343960000,&amp;quot;mt&amp;quot;:1447343960000}},&amp;quot;app-global&amp;quot;:{&amp;quot;{972ce4c6-7e08-4474-a285-3208198ce6fd}&amp;quot;:{&amp;quot;d&amp;quot;:&amp;quot;/Applications/Firefox.app/Contents/Resources/browser/extensions/{972ce4c6-7e08-4474-a285-3208198ce6fd}&amp;quot;,&amp;quot;e&amp;quot;:true,&amp;quot;v&amp;quot;:&amp;quot;41.0.2&amp;quot;,&amp;quot;st&amp;quot;:1445285015000,&amp;quot;mt&amp;quot;:1445285014000}}}
1447343961878	addons.xpi	DEBUG	No changes found
1447343961884	addons.manager	DEBUG	Registering shutdown blocker for XPIProvider
1447343961885	addons.manager	DEBUG	Provider finished startup: XPIProvider
1447343961885	addons.manager	DEBUG	Starting provider: LightweightThemeManager
1447343961885	addons.manager	DEBUG	Registering shutdown blocker for LightweightThemeManager
1447343961886	addons.manager	DEBUG	Provider finished startup: LightweightThemeManager
1447343961886	addons.manager	DEBUG	Starting provider: GMPProvider
1447343961894	addons.manager	DEBUG	Registering shutdown blocker for GMPProvider
1447343961895	addons.manager	DEBUG	Provider finished startup: GMPProvider
1447343961895	addons.manager	DEBUG	Starting provider: PluginProvider
1447343961896	addons.manager	DEBUG	Registering shutdown blocker for PluginProvider
1447343961896	addons.manager	DEBUG	Provider finished startup: PluginProvider
1447343961896	addons.manager	DEBUG	Completed startup sequence
1447343961934	addons.xpi-utils	DEBUG	Starting async load of XPI database /var/folders/p9/c57spvhn2dj7yf3tjshdlmqh0000gn/T/anonymous2227156600557550998webdriver-profile/extensions.json
*** Blocklist::_loadBlocklistFromFile: blocklist is disabled
1447343962078	addons.manager	DEBUG	Starting provider: &amp;lt;unnamed-provider&amp;gt;
1447343962078	addons.manager	DEBUG	Registering shutdown blocker for &amp;lt;unnamed-provider&amp;gt;
1447343962078	addons.manager	DEBUG	Provider finished startup: &amp;lt;unnamed-provider&amp;gt;
1447343962169	addons.xpi-utils	DEBUG	Async JSON file read took 0 MS
1447343962169	addons.xpi-utils	DEBUG	Finished async read of XPI database, parsing...
1447343962170	addons.xpi-utils	DEBUG	Successfully read XPI database
1447343962253	addons.manager	DEBUG	Starting provider: PreviousExperimentProvider
1447343962253	addons.manager	DEBUG	Registering shutdown blocker for PreviousExperimentProvider
1447343962253	addons.manager	DEBUG	Provider finished startup: PreviousExperimentProvider

Build info: version: &amp;apos;2.26.0&amp;apos;, revision: &amp;apos;18040&amp;apos;, time: &amp;apos;2012-11-02 09:44:45&amp;apos;
System info: os.name: &amp;apos;Mac OS X&amp;apos;, os.arch: &amp;apos;x86_64&amp;apos;, os.version: &amp;apos;10.9.5&amp;apos;, java.version: &amp;apos;1.8.0_65&amp;apos;
Driver info: driver.version: FirefoxDriver">
      <![CDATA[org.openqa.selenium.WebDriverException: Failed to connect to binary FirefoxBinary(/Applications/Firefox.app/Contents/MacOS/firefox-bin) on port 7055; process output follows: 
source://gre/modules/addons/GMPProvider.jsm
1447343961868	addons.manager	DEBUG	Loaded provider scope for resource://gre/modules/addons/PluginProvider.jsm
1447343961869	addons.manager	DEBUG	Starting provider: XPIProvider
1447343961869	addons.xpi	DEBUG	startup
1447343961870	addons.xpi	INFO	Mapping fxdriver@googlecode.com to /var/folders/p9/c57spvhn2dj7yf3tjshdlmqh0000gn/T/anonymous2227156600557550998webdriver-profile/extensions/fxdriver@googlecode.com
1447343961871	addons.xpi	DEBUG	Ignoring file entry whose name is not a valid add-on ID: /var/folders/p9/c57spvhn2dj7yf3tjshdlmqh0000gn/T/anonymous2227156600557550998webdriver-profile/extensions/webdriver-staging
1447343961871	addons.xpi	INFO	Mapping {972ce4c6-7e08-4474-a285-3208198ce6fd} to /Applications/Firefox.app/Contents/Resources/browser/extensions/{972ce4c6-7e08-4474-a285-3208198ce6fd}
1447343961872	addons.xpi	DEBUG	Skipping unavailable install location app-system-share
1447343961874	addons.xpi	DEBUG	checkForChanges
1447343961874	addons.xpi	DEBUG	Loaded add-on state from prefs: {"app-profile":{"fxdriver@googlecode.com":{"d":"/var/folders/p9/c57spvhn2dj7yf3tjshdlmqh0000gn/T/anonymous2227156600557550998webdriver-profile/extensions/fxdriver@googlecode.com","e":false,"v":"2.26.0","st":1447343960000,"mt":1447343960000}},"app-global":{"{972ce4c6-7e08-4474-a285-3208198ce6fd}":{"d":"/Applications/Firefox.app/Contents/Resources/browser/extensions/{972ce4c6-7e08-4474-a285-3208198ce6fd}","e":true,"v":"41.0.2","st":1445285015000,"mt":1445285014000}}}
1447343961876	addons.xpi	DEBUG	getModTime: Recursive scan of {972ce4c6-7e08-4474-a285-3208198ce6fd}
1447343961877	addons.xpi	DEBUG	getInstallState changed: false, state: {"app-profile":{"fxdriver@googlecode.com":{"d":"/var/folders/p9/c57spvhn2dj7yf3tjshdlmqh0000gn/T/anonymous2227156600557550998webdriver-profile/extensions/fxdriver@googlecode.com","e":false,"v":"2.26.0","st":1447343960000,"mt":1447343960000}},"app-global":{"{972ce4c6-7e08-4474-a285-3208198ce6fd}":{"d":"/Applications/Firefox.app/Contents/Resources/browser/extensions/{972ce4c6-7e08-4474-a285-3208198ce6fd}","e":true,"v":"41.0.2","st":1445285015000,"mt":1445285014000}}}
1447343961878	addons.xpi	DEBUG	No changes found
1447343961884	addons.manager	DEBUG	Registering shutdown blocker for XPIProvider
1447343961885	addons.manager	DEBUG	Provider finished startup: XPIProvider
1447343961885	addons.manager	DEBUG	Starting provider: LightweightThemeManager
1447343961885	addons.manager	DEBUG	Registering shutdown blocker for LightweightThemeManager
1447343961886	addons.manager	DEBUG	Provider finished startup: LightweightThemeManager
1447343961886	addons.manager	DEBUG	Starting provider: GMPProvider
1447343961894	addons.manager	DEBUG	Registering shutdown blocker for GMPProvider
1447343961895	addons.manager	DEBUG	Provider finished startup: GMPProvider
1447343961895	addons.manager	DEBUG	Starting provider: PluginProvider
1447343961896	addons.manager	DEBUG	Registering shutdown blocker for PluginProvider
1447343961896	addons.manager	DEBUG	Provider finished startup: PluginProvider
1447343961896	addons.manager	DEBUG	Completed startup sequence
1447343961934	addons.xpi-utils	DEBUG	Starting async load of XPI database /var/folders/p9/c57spvhn2dj7yf3tjshdlmqh0000gn/T/anonymous2227156600557550998webdriver-profile/extensions.json
*** Blocklist::_loadBlocklistFromFile: blocklist is disabled
1447343962078	addons.manager	DEBUG	Starting provider: <unnamed-provider>
1447343962078	addons.manager	DEBUG	Registering shutdown blocker for <unnamed-provider>
1447343962078	addons.manager	DEBUG	Provider finished startup: <unnamed-provider>
1447343962169	addons.xpi-utils	DEBUG	Async JSON file read took 0 MS
1447343962169	addons.xpi-utils	DEBUG	Finished async read of XPI database, parsing...
1447343962170	addons.xpi-utils	DEBUG	Successfully read XPI database
1447343962253	addons.manager	DEBUG	Starting provider: PreviousExperimentProvider
1447343962253	addons.manager	DEBUG	Registering shutdown blocker for PreviousExperimentProvider
1447343962253	addons.manager	DEBUG	Provider finished startup: PreviousExperimentProvider

Build info: version: '2.26.0', revision: '18040', time: '2012-11-02 09:44:45'
System info: os.name: 'Mac OS X', os.arch: 'x86_64', os.version: '10.9.5', java.version: '1.8.0_65'
Driver info: driver.version: FirefoxDriver
	at org.openqa.selenium.firefox.internal.NewProfileExtensionConnection.start(NewProfileExtensionConnection.java:118)
	at org.openqa.selenium.firefox.FirefoxDriver.startClient(FirefoxDriver.java:243)
	at org.openqa.selenium.remote.RemoteWebDriver.<init>(RemoteWebDriver.java:109)
	at org.openqa.selenium.firefox.FirefoxDriver.<init>(FirefoxDriver.java:187)
	at org.openqa.selenium.firefox.FirefoxDriver.<init>(FirefoxDriver.java:182)
	at org.openqa.selenium.firefox.FirefoxDriver.<init>(FirefoxDriver.java:178)
	at org.openqa.selenium.firefox.FirefoxDriver.<init>(FirefoxDriver.java:91)
	at com.seleniumtests.core.SelTestCase.launchBrowser(SelTestCase.java:42)
	at sun.reflect.NativeMethodAccessorImpl.invoke0(Native Method)
	at sun.reflect.NativeMethodAccessorImpl.invoke(NativeMethodAccessorImpl.java:62)
	at sun.reflect.DelegatingMethodAccessorImpl.invoke(DelegatingMethodAccessorImpl.java:43)
	at java.lang.reflect.Method.invoke(Method.java:497)
	at org.testng.internal.MethodInvocationHelper.invokeMethod(MethodInvocationHelper.java:80)
	at org.testng.internal.Invoker.invokeConfigurationMethod(Invoker.java:543)
	at org.testng.internal.Invoker.invokeConfigurations(Invoker.java:212)
	at org.testng.internal.Invoker.invokeMethod(Invoker.java:631)
	at org.testng.internal.Invoker.invokeTestMethod(Invoker.java:883)
	at org.testng.internal.Invoker.invokeTestMethods(Invoker.java:1208)
	at org.testng.internal.TestMethodWorker.invokeTestMethods(TestMethodWorker.java:127)
	at org.testng.internal.TestMethodWorker.run(TestMethodWorker.java:111)
	at org.testng.TestRunner.privateRun(TestRunner.java:758)
	at org.testng.TestRunner.run(TestRunner.java:613)
	at org.testng.SuiteRunner.runTest(SuiteRunner.java:334)
	at org.testng.SuiteRunner.access$000(SuiteRunner.java:37)
	at org.testng.SuiteRunner$SuiteWorker.run(SuiteRunner.java:368)
	at org.testng.internal.thread.ThreadUtil$CountDownLatchedRunnable.run(ThreadUtil.java:165)
	at java.util.concurrent.ThreadPoolExecutor.runWorker(ThreadPoolExecutor.java:1142)
	at java.util.concurrent.ThreadPoolExecutor$Worker.run(ThreadPoolExecutor.java:617)
	at java.lang.Thread.run(Thread.java:745)
Caused by: org.openqa.selenium.firefox.NotConnectedException: Unable to connect to host 127.0.0.1 on port 7055 after 45000 ms. Firefox console output:
source://gre/modules/addons/GMPProvider.jsm
1447343961868	addons.manager	DEBUG	Loaded provider scope for resource://gre/modules/addons/PluginProvider.jsm
1447343961869	addons.manager	DEBUG	Starting provider: XPIProvider
1447343961869	addons.xpi	DEBUG	startup
1447343961870	addons.xpi	INFO	Mapping fxdriver@googlecode.com to /var/folders/p9/c57spvhn2dj7yf3tjshdlmqh0000gn/T/anonymous2227156600557550998webdriver-profile/extensions/fxdriver@googlecode.com
1447343961871	addons.xpi	DEBUG	Ignoring file entry whose name is not a valid add-on ID: /var/folders/p9/c57spvhn2dj7yf3tjshdlmqh0000gn/T/anonymous2227156600557550998webdriver-profile/extensions/webdriver-staging
1447343961871	addons.xpi	INFO	Mapping {972ce4c6-7e08-4474-a285-3208198ce6fd} to /Applications/Firefox.app/Contents/Resources/browser/extensions/{972ce4c6-7e08-4474-a285-3208198ce6fd}
1447343961872	addons.xpi	DEBUG	Skipping unavailable install location app-system-share
1447343961874	addons.xpi	DEBUG	checkForChanges
1447343961874	addons.xpi	DEBUG	Loaded add-on state from prefs: {"app-profile":{"fxdriver@googlecode.com":{"d":"/var/folders/p9/c57spvhn2dj7yf3tjshdlmqh0000gn/T/anonymous2227156600557550998webdriver-profile/extensions/fxdriver@googlecode.com","e":false,"v":"2.26.0","st":1447343960000,"mt":1447343960000}},"app-global":{"{972ce4c6-7e08-4474-a285-3208198ce6fd}":{"d":"/Applications/Firefox.app/Contents/Resources/browser/extensions/{972ce4c6-7e08-4474-a285-3208198ce6fd}","e":true,"v":"41.0.2","st":1445285015000,"mt":1445285014000}}}
1447343961876	addons.xpi	DEBUG	getModTime: Recursive scan of {972ce4c6-7e08-4474-a285-3208198ce6fd}
1447343961877	addons.xpi	DEBUG	getInstallState changed: false, state: {"app-profile":{"fxdriver@googlecode.com":{"d":"/var/folders/p9/c57spvhn2dj7yf3tjshdlmqh0000gn/T/anonymous2227156600557550998webdriver-profile/extensions/fxdriver@googlecode.com","e":false,"v":"2.26.0","st":1447343960000,"mt":1447343960000}},"app-global":{"{972ce4c6-7e08-4474-a285-3208198ce6fd}":{"d":"/Applications/Firefox.app/Contents/Resources/browser/extensions/{972ce4c6-7e08-4474-a285-3208198ce6fd}","e":true,"v":"41.0.2","st":1445285015000,"mt":1445285014000}}}
1447343961878	addons.xpi	DEBUG	No changes found
1447343961884	addons.manager	DEBUG	Registering shutdown blocker for XPIProvider
1447343961885	addons.manager	DEBUG	Provider finished startup: XPIProvider
1447343961885	addons.manager	DEBUG	Starting provider: LightweightThemeManager
1447343961885	addons.manager	DEBUG	Registering shutdown blocker for LightweightThemeManager
1447343961886	addons.manager	DEBUG	Provider finished startup: LightweightThemeManager
1447343961886	addons.manager	DEBUG	Starting provider: GMPProvider
1447343961894	addons.manager	DEBUG	Registering shutdown blocker for GMPProvider
1447343961895	addons.manager	DEBUG	Provider finished startup: GMPProvider
1447343961895	addons.manager	DEBUG	Starting provider: PluginProvider
1447343961896	addons.manager	DEBUG	Registering shutdown blocker for PluginProvider
1447343961896	addons.manager	DEBUG	Provider finished startup: PluginProvider
1447343961896	addons.manager	DEBUG	Completed startup sequence
1447343961934	addons.xpi-utils	DEBUG	Starting async load of XPI database /var/folders/p9/c57spvhn2dj7yf3tjshdlmqh0000gn/T/anonymous2227156600557550998webdriver-profile/extensions.json
*** Blocklist::_loadBlocklistFromFile: blocklist is disabled
1447343962078	addons.manager	DEBUG	Starting provider: <unnamed-provider>
1447343962078	addons.manager	DEBUG	Registering shutdown blocker for <unnamed-provider>
1447343962078	addons.manager	DEBUG	Provider finished startup: <unnamed-provider>
1447343962169	addons.xpi-utils	DEBUG	Async JSON file read took 0 MS
1447343962169	addons.xpi-utils	DEBUG	Finished async read of XPI database, parsing...
1447343962170	addons.xpi-utils	DEBUG	Successfully read XPI database
1447343962253	addons.manager	DEBUG	Starting provider: PreviousExperimentProvider
1447343962253	addons.manager	DEBUG	Registering shutdown blocker for PreviousExperimentProvider
1447343962253	addons.manager	DEBUG	Provider finished startup: PreviousExperimentProvider

	at org.openqa.selenium.firefox.internal.NewProfileExtensionConnection.start(NewProfileExtensionConnection.java:106)
	... 28 more
]]>
    </failure>
  </testcase>
  <testcase name="@AfterMethod closeBrowser" time="0.0" classname="com.seleniumtests.test.WebDriverTest">
    <skipped/>
  </testcase>
  <testcase name="testRegistrationNew" time="0.001" classname="com.seleniumtests.test.WebDriverTest">
    <skipped/>
  </testcase>
</testsuite>
