<?xml version="1.0" encoding="UTF-8"?>
<testng-results skipped="1" failed="0" total="1" passed="0">
  <reporter-output>
  </reporter-output>
  <suite name="Default suite" duration-ms="52257" started-at="2015-11-17T12:52:00Z" finished-at="2015-11-17T12:52:52Z">
    <groups>
    </groups>
    <test name="Default test" duration-ms="52257" started-at="2015-11-17T12:52:00Z" finished-at="2015-11-17T12:52:52Z">
      <class name="com.seleniumtests.test.WebDriverTest">
        <test-method status="PASS" signature="setEnv(java.lang.String)[pri:0, instance:com.seleniumtests.test.WebDriverTest@2a18f23c]" name="setEnv" is-config="true" duration-ms="12" started-at="2015-11-17T12:52:00Z" finished-at="2015-11-17T12:52:00Z">
          <params>
            <param index="0">
              <value>
                <![CDATA[http://newtours.demoaut.com/mercuryregister.php]]>
              </value>
            </param>
          </params>
        </test-method>
        <test-method status="FAIL" signature="launchBrowser(java.lang.String)[pri:0, instance:com.seleniumtests.test.WebDriverTest@2a18f23c]" name="launchBrowser" is-config="true" duration-ms="0" started-at="2015-11-17T12:52:00Z" finished-at="2015-11-17T12:52:00Z">
          <params>
            <param index="0">
              <value>
                <![CDATA[FF]]>
              </value>
            </param>
          </params>
          <exception class="org.openqa.selenium.WebDriverException">
            <message>
              <![CDATA[Failed to connect to binary FirefoxBinary(/Applications/Firefox.app/Contents/MacOS/firefox-bin) on port 7055; process output follows: 
	addons.xpi	DEBUG	Loaded add-on state from prefs: {"app-profile":{"fxdriver@googlecode.com":{"d":"/var/folders/p9/c57spvhn2dj7yf3tjshdlmqh0000gn/T/anonymous2964474427908460523webdriver-profile/extensions/fxdriver@googlecode.com","e":false,"v":"2.26.0","st":1447761126000,"mt":1447761126000}},"app-global":{"{972ce4c6-7e08-4474-a285-3208198ce6fd}":{"d":"/Applications/Firefox.app/Contents/Resources/browser/extensions/{972ce4c6-7e08-4474-a285-3208198ce6fd}","e":true,"v":"41.0.2","st":1445285015000,"mt":1445285014000}}}
1447761127723	addons.xpi	DEBUG	getModTime: Recursive scan of {972ce4c6-7e08-4474-a285-3208198ce6fd}
1447761127724	addons.xpi	DEBUG	getInstallState changed: false, state: {"app-profile":{"fxdriver@googlecode.com":{"d":"/var/folders/p9/c57spvhn2dj7yf3tjshdlmqh0000gn/T/anonymous2964474427908460523webdriver-profile/extensions/fxdriver@googlecode.com","e":false,"v":"2.26.0","st":1447761126000,"mt":1447761126000}},"app-global":{"{972ce4c6-7e08-4474-a285-3208198ce6fd}":{"d":"/Applications/Firefox.app/Contents/Resources/browser/extensions/{972ce4c6-7e08-4474-a285-3208198ce6fd}","e":true,"v":"41.0.2","st":1445285015000,"mt":1445285014000}}}
1447761127725	addons.xpi	DEBUG	No changes found
1447761127731	addons.manager	DEBUG	Registering shutdown blocker for XPIProvider
1447761127731	addons.manager	DEBUG	Provider finished startup: XPIProvider
1447761127731	addons.manager	DEBUG	Starting provider: LightweightThemeManager
1447761127732	addons.manager	DEBUG	Registering shutdown blocker for LightweightThemeManager
1447761127732	addons.manager	DEBUG	Provider finished startup: LightweightThemeManager
1447761127732	addons.manager	DEBUG	Starting provider: GMPProvider
1447761127736	addons.manager	DEBUG	Registering shutdown blocker for GMPProvider
1447761127736	addons.manager	DEBUG	Provider finished startup: GMPProvider
1447761127736	addons.manager	DEBUG	Starting provider: PluginProvider
1447761127737	addons.manager	DEBUG	Registering shutdown blocker for PluginProvider
1447761127737	addons.manager	DEBUG	Provider finished startup: PluginProvider
1447761127737	addons.manager	DEBUG	Completed startup sequence
1447761127769	addons.xpi-utils	DEBUG	Starting async load of XPI database /var/folders/p9/c57spvhn2dj7yf3tjshdlmqh0000gn/T/anonymous2964474427908460523webdriver-profile/extensions.json
*** Blocklist::_loadBlocklistFromFile: blocklist is disabled
1447761127905	addons.manager	DEBUG	Starting provider: <unnamed-provider>
1447761127905	addons.manager	DEBUG	Registering shutdown blocker for <unnamed-provider>
1447761127906	addons.manager	DEBUG	Provider finished startup: <unnamed-provider>
1447761127999	addons.xpi-utils	DEBUG	Async JSON file read took 0 MS
1447761127999	addons.xpi-utils	DEBUG	Finished async read of XPI database, parsing...
1447761128000	addons.xpi-utils	DEBUG	Successfully read XPI database
1447761128088	addons.manager	DEBUG	Starting provider: PreviousExperimentProvider
1447761128088	addons.manager	DEBUG	Registering shutdown blocker for PreviousExperimentProvider
1447761128088	addons.manager	DEBUG	Provider finished startup: PreviousExperimentProvider
JavaScript warning: https://self-repair.mozilla.org/de/repair/, line 8: mutating the [[Prototype]] of an object will cause your code to run very slowly; instead create the object with the correct initial [[Prototype]] value using Object.create
1447761154046	addons.manager	DEBUG	shutdown
1447761154046	addons.manager	DEBUG	Calling shutdown blocker for XPIProvider
1447761154046	addons.xpi	DEBUG	shutdown
1447761154046	addons.xpi-utils	DEBUG	shutdown
1447761154046	addons.manager	DEBUG	Calling shutdown blocker for LightweightThemeManager
1447761154047	addons.manager	DEBUG	Calling shutdown blocker for GMPProvider
1447761154048	addons.manager	DEBUG	Calling shutdown blocker for PluginProvider
1447761154048	addons.manager	DEBUG	Calling shutdown blocker for <unnamed-provider>
1447761154049	addons.manager	DEBUG	Calling shutdown blocker for PreviousExperimentProvider
1447761154051	addons.xpi	DEBUG	Notifying XPI shutdown observers
1447761154056	addons.manager	DEBUG	Async provider shutdown done

Build info: version: '2.26.0', revision: '18040', time: '2012-11-02 09:44:45'
System info: os.name: 'Mac OS X', os.arch: 'x86_64', os.version: '10.9.5', java.version: '1.8.0_65'
Driver info: driver.version: FirefoxDriver]]>
            </message>
            <full-stacktrace>
              <![CDATA[org.openqa.selenium.WebDriverException: Failed to connect to binary FirefoxBinary(/Applications/Firefox.app/Contents/MacOS/firefox-bin) on port 7055; process output follows: 
	addons.xpi	DEBUG	Loaded add-on state from prefs: {"app-profile":{"fxdriver@googlecode.com":{"d":"/var/folders/p9/c57spvhn2dj7yf3tjshdlmqh0000gn/T/anonymous2964474427908460523webdriver-profile/extensions/fxdriver@googlecode.com","e":false,"v":"2.26.0","st":1447761126000,"mt":1447761126000}},"app-global":{"{972ce4c6-7e08-4474-a285-3208198ce6fd}":{"d":"/Applications/Firefox.app/Contents/Resources/browser/extensions/{972ce4c6-7e08-4474-a285-3208198ce6fd}","e":true,"v":"41.0.2","st":1445285015000,"mt":1445285014000}}}
1447761127723	addons.xpi	DEBUG	getModTime: Recursive scan of {972ce4c6-7e08-4474-a285-3208198ce6fd}
1447761127724	addons.xpi	DEBUG	getInstallState changed: false, state: {"app-profile":{"fxdriver@googlecode.com":{"d":"/var/folders/p9/c57spvhn2dj7yf3tjshdlmqh0000gn/T/anonymous2964474427908460523webdriver-profile/extensions/fxdriver@googlecode.com","e":false,"v":"2.26.0","st":1447761126000,"mt":1447761126000}},"app-global":{"{972ce4c6-7e08-4474-a285-3208198ce6fd}":{"d":"/Applications/Firefox.app/Contents/Resources/browser/extensions/{972ce4c6-7e08-4474-a285-3208198ce6fd}","e":true,"v":"41.0.2","st":1445285015000,"mt":1445285014000}}}
1447761127725	addons.xpi	DEBUG	No changes found
1447761127731	addons.manager	DEBUG	Registering shutdown blocker for XPIProvider
1447761127731	addons.manager	DEBUG	Provider finished startup: XPIProvider
1447761127731	addons.manager	DEBUG	Starting provider: LightweightThemeManager
1447761127732	addons.manager	DEBUG	Registering shutdown blocker for LightweightThemeManager
1447761127732	addons.manager	DEBUG	Provider finished startup: LightweightThemeManager
1447761127732	addons.manager	DEBUG	Starting provider: GMPProvider
1447761127736	addons.manager	DEBUG	Registering shutdown blocker for GMPProvider
1447761127736	addons.manager	DEBUG	Provider finished startup: GMPProvider
1447761127736	addons.manager	DEBUG	Starting provider: PluginProvider
1447761127737	addons.manager	DEBUG	Registering shutdown blocker for PluginProvider
1447761127737	addons.manager	DEBUG	Provider finished startup: PluginProvider
1447761127737	addons.manager	DEBUG	Completed startup sequence
1447761127769	addons.xpi-utils	DEBUG	Starting async load of XPI database /var/folders/p9/c57spvhn2dj7yf3tjshdlmqh0000gn/T/anonymous2964474427908460523webdriver-profile/extensions.json
*** Blocklist::_loadBlocklistFromFile: blocklist is disabled
1447761127905	addons.manager	DEBUG	Starting provider: <unnamed-provider>
1447761127905	addons.manager	DEBUG	Registering shutdown blocker for <unnamed-provider>
1447761127906	addons.manager	DEBUG	Provider finished startup: <unnamed-provider>
1447761127999	addons.xpi-utils	DEBUG	Async JSON file read took 0 MS
1447761127999	addons.xpi-utils	DEBUG	Finished async read of XPI database, parsing...
1447761128000	addons.xpi-utils	DEBUG	Successfully read XPI database
1447761128088	addons.manager	DEBUG	Starting provider: PreviousExperimentProvider
1447761128088	addons.manager	DEBUG	Registering shutdown blocker for PreviousExperimentProvider
1447761128088	addons.manager	DEBUG	Provider finished startup: PreviousExperimentProvider
JavaScript warning: https://self-repair.mozilla.org/de/repair/, line 8: mutating the [[Prototype]] of an object will cause your code to run very slowly; instead create the object with the correct initial [[Prototype]] value using Object.create
1447761154046	addons.manager	DEBUG	shutdown
1447761154046	addons.manager	DEBUG	Calling shutdown blocker for XPIProvider
1447761154046	addons.xpi	DEBUG	shutdown
1447761154046	addons.xpi-utils	DEBUG	shutdown
1447761154046	addons.manager	DEBUG	Calling shutdown blocker for LightweightThemeManager
1447761154047	addons.manager	DEBUG	Calling shutdown blocker for GMPProvider
1447761154048	addons.manager	DEBUG	Calling shutdown blocker for PluginProvider
1447761154048	addons.manager	DEBUG	Calling shutdown blocker for <unnamed-provider>
1447761154049	addons.manager	DEBUG	Calling shutdown blocker for PreviousExperimentProvider
1447761154051	addons.xpi	DEBUG	Notifying XPI shutdown observers
1447761154056	addons.manager	DEBUG	Async provider shutdown done

Build info: version: '2.26.0', revision: '18040', time: '2012-11-02 09:44:45'
System info: os.name: 'Mac OS X', os.arch: 'x86_64', os.version: '10.9.5', java.version: '1.8.0_65'
Driver info: driver.version: FirefoxDriver
	at org.openqa.selenium.firefox.internal.NewProfileExtensionConnection.start(NewProfileExtensionConnection.java:118)
	at org.openqa.selenium.firefox.FirefoxDriver.startClient(FirefoxDriver.java:243)
	at org.openqa.selenium.remote.RemoteWebDriver.<init>(RemoteWebDriver.java:109)
	at org.openqa.selenium.firefox.FirefoxDriver.<init>(FirefoxDriver.java:187)
	at org.openqa.selenium.firefox.FirefoxDriver.<init>(FirefoxDriver.java:182)
	at org.openqa.selenium.firefox.FirefoxDriver.<init>(FirefoxDriver.java:178)
	at org.openqa.selenium.firefox.FirefoxDriver.<init>(FirefoxDriver.java:91)
	at com.seleniumtests.core.SelTestCase.launchBrowser(SelTestCase.java:42)
	at sun.reflect.NativeMethodAccessorImpl.invoke0(Native Method)
	at sun.reflect.NativeMethodAccessorImpl.invoke(NativeMethodAccessorImpl.java:62)
	at sun.reflect.DelegatingMethodAccessorImpl.invoke(DelegatingMethodAccessorImpl.java:43)
	at java.lang.reflect.Method.invoke(Method.java:497)
	at org.testng.internal.MethodInvocationHelper.invokeMethod(MethodInvocationHelper.java:80)
	at org.testng.internal.Invoker.invokeConfigurationMethod(Invoker.java:543)
	at org.testng.internal.Invoker.invokeConfigurations(Invoker.java:212)
	at org.testng.internal.Invoker.invokeMethod(Invoker.java:631)
	at org.testng.internal.Invoker.invokeTestMethod(Invoker.java:883)
	at org.testng.internal.Invoker.invokeTestMethods(Invoker.java:1208)
	at org.testng.internal.TestMethodWorker.invokeTestMethods(TestMethodWorker.java:127)
	at org.testng.internal.TestMethodWorker.run(TestMethodWorker.java:111)
	at org.testng.TestRunner.privateRun(TestRunner.java:758)
	at org.testng.TestRunner.run(TestRunner.java:613)
	at org.testng.SuiteRunner.runTest(SuiteRunner.java:334)
	at org.testng.SuiteRunner.runSequentially(SuiteRunner.java:329)
	at org.testng.SuiteRunner.privateRun(SuiteRunner.java:291)
	at org.testng.SuiteRunner.run(SuiteRunner.java:240)
	at org.testng.SuiteRunnerWorker.runSuite(SuiteRunnerWorker.java:53)
	at org.testng.SuiteRunnerWorker.run(SuiteRunnerWorker.java:87)
	at org.testng.TestNG.runSuitesSequentially(TestNG.java:1137)
	at org.testng.TestNG.runSuitesLocally(TestNG.java:1062)
	at org.testng.TestNG.run(TestNG.java:974)
	at org.testng.remote.RemoteTestNG.run(RemoteTestNG.java:109)
	at org.testng.remote.RemoteTestNG.initAndRun(RemoteTestNG.java:202)
	at org.testng.remote.RemoteTestNG.main(RemoteTestNG.java:173)
Caused by: org.openqa.selenium.firefox.NotConnectedException: Unable to connect to host 127.0.0.1 on port 7055 after 45000 ms. Firefox console output:
	addons.xpi	DEBUG	Loaded add-on state from prefs: {"app-profile":{"fxdriver@googlecode.com":{"d":"/var/folders/p9/c57spvhn2dj7yf3tjshdlmqh0000gn/T/anonymous2964474427908460523webdriver-profile/extensions/fxdriver@googlecode.com","e":false,"v":"2.26.0","st":1447761126000,"mt":1447761126000}},"app-global":{"{972ce4c6-7e08-4474-a285-3208198ce6fd}":{"d":"/Applications/Firefox.app/Contents/Resources/browser/extensions/{972ce4c6-7e08-4474-a285-3208198ce6fd}","e":true,"v":"41.0.2","st":1445285015000,"mt":1445285014000}}}
1447761127723	addons.xpi	DEBUG	getModTime: Recursive scan of {972ce4c6-7e08-4474-a285-3208198ce6fd}
1447761127724	addons.xpi	DEBUG	getInstallState changed: false, state: {"app-profile":{"fxdriver@googlecode.com":{"d":"/var/folders/p9/c57spvhn2dj7yf3tjshdlmqh0000gn/T/anonymous2964474427908460523webdriver-profile/extensions/fxdriver@googlecode.com","e":false,"v":"2.26.0","st":1447761126000,"mt":1447761126000}},"app-global":{"{972ce4c6-7e08-4474-a285-3208198ce6fd}":{"d":"/Applications/Firefox.app/Contents/Resources/browser/extensions/{972ce4c6-7e08-4474-a285-3208198ce6fd}","e":true,"v":"41.0.2","st":1445285015000,"mt":1445285014000}}}
1447761127725	addons.xpi	DEBUG	No changes found
1447761127731	addons.manager	DEBUG	Registering shutdown blocker for XPIProvider
1447761127731	addons.manager	DEBUG	Provider finished startup: XPIProvider
1447761127731	addons.manager	DEBUG	Starting provider: LightweightThemeManager
1447761127732	addons.manager	DEBUG	Registering shutdown blocker for LightweightThemeManager
1447761127732	addons.manager	DEBUG	Provider finished startup: LightweightThemeManager
1447761127732	addons.manager	DEBUG	Starting provider: GMPProvider
1447761127736	addons.manager	DEBUG	Registering shutdown blocker for GMPProvider
1447761127736	addons.manager	DEBUG	Provider finished startup: GMPProvider
1447761127736	addons.manager	DEBUG	Starting provider: PluginProvider
1447761127737	addons.manager	DEBUG	Registering shutdown blocker for PluginProvider
1447761127737	addons.manager	DEBUG	Provider finished startup: PluginProvider
1447761127737	addons.manager	DEBUG	Completed startup sequence
1447761127769	addons.xpi-utils	DEBUG	Starting async load of XPI database /var/folders/p9/c57spvhn2dj7yf3tjshdlmqh0000gn/T/anonymous2964474427908460523webdriver-profile/extensions.json
*** Blocklist::_loadBlocklistFromFile: blocklist is disabled
1447761127905	addons.manager	DEBUG	Starting provider: <unnamed-provider>
1447761127905	addons.manager	DEBUG	Registering shutdown blocker for <unnamed-provider>
1447761127906	addons.manager	DEBUG	Provider finished startup: <unnamed-provider>
1447761127999	addons.xpi-utils	DEBUG	Async JSON file read took 0 MS
1447761127999	addons.xpi-utils	DEBUG	Finished async read of XPI database, parsing...
1447761128000	addons.xpi-utils	DEBUG	Successfully read XPI database
1447761128088	addons.manager	DEBUG	Starting provider: PreviousExperimentProvider
1447761128088	addons.manager	DEBUG	Registering shutdown blocker for PreviousExperimentProvider
1447761128088	addons.manager	DEBUG	Provider finished startup: PreviousExperimentProvider
JavaScript warning: https://self-repair.mozilla.org/de/repair/, line 8: mutating the [[Prototype]] of an object will cause your code to run very slowly; instead create the object with the correct initial [[Prototype]] value using Object.create
1447761154046	addons.manager	DEBUG	shutdown
1447761154046	addons.manager	DEBUG	Calling shutdown blocker for XPIProvider
1447761154046	addons.xpi	DEBUG	shutdown
1447761154046	addons.xpi-utils	DEBUG	shutdown
1447761154046	addons.manager	DEBUG	Calling shutdown blocker for LightweightThemeManager
1447761154047	addons.manager	DEBUG	Calling shutdown blocker for GMPProvider
1447761154048	addons.manager	DEBUG	Calling shutdown blocker for PluginProvider
1447761154048	addons.manager	DEBUG	Calling shutdown blocker for <unnamed-provider>
1447761154049	addons.manager	DEBUG	Calling shutdown blocker for PreviousExperimentProvider
1447761154051	addons.xpi	DEBUG	Notifying XPI shutdown observers
1447761154056	addons.manager	DEBUG	Async provider shutdown done

	at org.openqa.selenium.firefox.internal.NewProfileExtensionConnection.start(NewProfileExtensionConnection.java:106)
	... 33 more
]]>
            </full-stacktrace>
          </exception>
        </test-method>
        <test-method status="SKIP" signature="testRegistrationNew(com.seleniumtests.dataobject.RegistrationData)[pri:0, instance:com.seleniumtests.test.WebDriverTest@2a18f23c]" name="testRegistrationNew" duration-ms="4" started-at="2015-11-17T12:52:52Z" finished-at="2015-11-17T12:52:52Z">
          <params>
            <param index="0">
              <value>
                <![CDATA[com.seleniumtests.dataobject.RegistrationData@55b699ef]]>
              </value>
            </param>
          </params>
        </test-method>
        <test-method status="SKIP" signature="closeBrowser(org.testng.ITestResult)[pri:0, instance:com.seleniumtests.test.WebDriverTest@2a18f23c]" name="closeBrowser" is-config="true" duration-ms="0" started-at="2015-11-17T12:52:52Z" finished-at="2015-11-17T12:52:52Z">
        </test-method>
      </class>
    </test>
  </suite>
</testng-results>
